[debug] [2021-07-02T11:18:04.577Z] ----------------------------------------------------------------------
[debug] [2021-07-02T11:18:04.582Z] Command:       C:\Program Files\nodejs\node.exe C:\Users\Siddhanth\AppData\Roaming\npm\node_modules\firebase-tools\lib\bin\firebase.js init
[debug] [2021-07-02T11:18:04.583Z] CLI Version:   9.14.0
[debug] [2021-07-02T11:18:04.583Z] Platform:      win32
[debug] [2021-07-02T11:18:04.583Z] Node Version:  v14.15.4
[debug] [2021-07-02T11:18:04.595Z] Time:          Fri Jul 02 2021 16:48:04 GMT+0530 (India Standard Time)
[debug] [2021-07-02T11:18:04.595Z] ----------------------------------------------------------------------
[debug] 
[debug] [2021-07-02T11:18:04.611Z] > command requires scopes: ["email","openid","https://www.googleapis.com/auth/cloudplatformprojects.readonly","https://www.googleapis.com/auth/firebase","https://www.googleapis.com/auth/cloud-platform"]
[debug] [2021-07-02T11:18:04.611Z] > authorizing via signed-in user (sidpathak07@gmail.com)
[info] 
     ######## #### ########  ######## ########     ###     ######  ########
     ##        ##  ##     ## ##       ##     ##  ##   ##  ##       ##
     ######    ##  ########  ######   ########  #########  ######  ######
     ##        ##  ##    ##  ##       ##     ## ##     ##       ## ##
     ##       #### ##     ## ######## ########  ##     ##  ######  ########

You're about to initialize a Firebase project in this directory:

  C:\DSMP\dsmpreact

Before we get started, keep in mind:

  * You are currently outside your home directory
  * You are initializing within an existing Firebase project directory

